[2024-06-12T07:15:01.175+0000] {processor.py:161} INFO - Started process (PID=114) to work on /home/airflow/.local/lib/python3.12/site-packages/airflow/example_dags/example_complex.py
[2024-06-12T07:15:01.201+0000] {processor.py:830} INFO - Processing file /home/airflow/.local/lib/python3.12/site-packages/airflow/example_dags/example_complex.py for tasks to queue
[2024-06-12T07:15:01.235+0000] {logging_mixin.py:188} INFO - [2024-06-12T07:15:01.217+0000] {dagbag.py:545} INFO - Filling up the DagBag from /home/airflow/.local/lib/python3.12/site-packages/airflow/example_dags/example_complex.py
[2024-06-12T07:15:02.378+0000] {processor.py:840} INFO - DAG(s) 'example_complex' retrieved from /home/airflow/.local/lib/python3.12/site-packages/airflow/example_dags/example_complex.py
[2024-06-12T07:15:10.948+0000] {logging_mixin.py:188} INFO - [2024-06-12T07:15:10.945+0000] {dag.py:3096} INFO - Sync 1 DAGs
[2024-06-12T07:15:11.346+0000] {logging_mixin.py:188} INFO - [2024-06-12T07:15:11.333+0000] {dag.py:3954} INFO - Setting next_dagrun for example_complex to None, run_after=None
[2024-06-12T07:15:11.992+0000] {processor.py:183} INFO - Processing /home/airflow/.local/lib/python3.12/site-packages/airflow/example_dags/example_complex.py took 10.977 seconds
[2024-06-12T07:21:39.555+0000] {processor.py:161} INFO - Started process (PID=82) to work on /home/airflow/.local/lib/python3.12/site-packages/airflow/example_dags/example_complex.py
[2024-06-12T07:21:39.565+0000] {processor.py:830} INFO - Processing file /home/airflow/.local/lib/python3.12/site-packages/airflow/example_dags/example_complex.py for tasks to queue
[2024-06-12T07:21:39.609+0000] {logging_mixin.py:188} INFO - [2024-06-12T07:21:39.583+0000] {dagbag.py:545} INFO - Filling up the DagBag from /home/airflow/.local/lib/python3.12/site-packages/airflow/example_dags/example_complex.py
[2024-06-12T07:21:39.868+0000] {processor.py:840} INFO - DAG(s) 'example_complex' retrieved from /home/airflow/.local/lib/python3.12/site-packages/airflow/example_dags/example_complex.py
[2024-06-12T07:21:42.050+0000] {logging_mixin.py:188} INFO - [2024-06-12T07:21:42.048+0000] {dag.py:3096} INFO - Sync 1 DAGs
[2024-06-12T07:21:42.161+0000] {logging_mixin.py:188} INFO - [2024-06-12T07:21:42.156+0000] {dag.py:3954} INFO - Setting next_dagrun for example_complex to None, run_after=None
[2024-06-12T07:21:42.332+0000] {processor.py:183} INFO - Processing /home/airflow/.local/lib/python3.12/site-packages/airflow/example_dags/example_complex.py took 2.855 seconds
[2024-06-12T07:22:12.436+0000] {processor.py:161} INFO - Started process (PID=192) to work on /home/airflow/.local/lib/python3.12/site-packages/airflow/example_dags/example_complex.py
[2024-06-12T07:22:12.438+0000] {processor.py:830} INFO - Processing file /home/airflow/.local/lib/python3.12/site-packages/airflow/example_dags/example_complex.py for tasks to queue
[2024-06-12T07:22:12.443+0000] {logging_mixin.py:188} INFO - [2024-06-12T07:22:12.442+0000] {dagbag.py:545} INFO - Filling up the DagBag from /home/airflow/.local/lib/python3.12/site-packages/airflow/example_dags/example_complex.py
[2024-06-12T07:22:12.513+0000] {processor.py:840} INFO - DAG(s) 'example_complex' retrieved from /home/airflow/.local/lib/python3.12/site-packages/airflow/example_dags/example_complex.py
[2024-06-12T07:22:12.781+0000] {logging_mixin.py:188} INFO - [2024-06-12T07:22:12.779+0000] {dag.py:3096} INFO - Sync 1 DAGs
[2024-06-12T07:22:12.860+0000] {logging_mixin.py:188} INFO - [2024-06-12T07:22:12.858+0000] {dag.py:3954} INFO - Setting next_dagrun for example_complex to None, run_after=None
[2024-06-12T07:22:12.951+0000] {processor.py:183} INFO - Processing /home/airflow/.local/lib/python3.12/site-packages/airflow/example_dags/example_complex.py took 0.536 seconds
