[2024-06-12T07:15:12.939+0000] {processor.py:161} INFO - Started process (PID=120) to work on /home/airflow/.local/lib/python3.12/site-packages/airflow/example_dags/example_python_decorator.py
[2024-06-12T07:15:12.949+0000] {processor.py:830} INFO - Processing file /home/airflow/.local/lib/python3.12/site-packages/airflow/example_dags/example_python_decorator.py for tasks to queue
[2024-06-12T07:15:12.990+0000] {logging_mixin.py:188} INFO - [2024-06-12T07:15:12.977+0000] {dagbag.py:545} INFO - Filling up the DagBag from /home/airflow/.local/lib/python3.12/site-packages/airflow/example_dags/example_python_decorator.py
[2024-06-12T07:15:13.510+0000] {processor.py:840} INFO - DAG(s) 'example_python_decorator' retrieved from /home/airflow/.local/lib/python3.12/site-packages/airflow/example_dags/example_python_decorator.py
[2024-06-12T07:15:17.590+0000] {logging_mixin.py:188} INFO - [2024-06-12T07:15:17.581+0000] {dag.py:3096} INFO - Sync 1 DAGs
[2024-06-12T07:15:17.860+0000] {logging_mixin.py:188} INFO - [2024-06-12T07:15:17.856+0000] {dag.py:3954} INFO - Setting next_dagrun for example_python_decorator to None, run_after=None
[2024-06-12T07:15:18.284+0000] {processor.py:183} INFO - Processing /home/airflow/.local/lib/python3.12/site-packages/airflow/example_dags/example_python_decorator.py took 5.508 seconds
[2024-06-12T07:21:43.025+0000] {processor.py:161} INFO - Started process (PID=88) to work on /home/airflow/.local/lib/python3.12/site-packages/airflow/example_dags/example_python_decorator.py
[2024-06-12T07:21:43.027+0000] {processor.py:830} INFO - Processing file /home/airflow/.local/lib/python3.12/site-packages/airflow/example_dags/example_python_decorator.py for tasks to queue
[2024-06-12T07:21:43.032+0000] {logging_mixin.py:188} INFO - [2024-06-12T07:21:43.031+0000] {dagbag.py:545} INFO - Filling up the DagBag from /home/airflow/.local/lib/python3.12/site-packages/airflow/example_dags/example_python_decorator.py
[2024-06-12T07:21:43.152+0000] {processor.py:840} INFO - DAG(s) 'example_python_decorator' retrieved from /home/airflow/.local/lib/python3.12/site-packages/airflow/example_dags/example_python_decorator.py
[2024-06-12T07:21:43.917+0000] {logging_mixin.py:188} INFO - [2024-06-12T07:21:43.915+0000] {dag.py:3096} INFO - Sync 1 DAGs
[2024-06-12T07:21:43.985+0000] {logging_mixin.py:188} INFO - [2024-06-12T07:21:43.984+0000] {dag.py:3954} INFO - Setting next_dagrun for example_python_decorator to None, run_after=None
[2024-06-12T07:21:44.127+0000] {processor.py:183} INFO - Processing /home/airflow/.local/lib/python3.12/site-packages/airflow/example_dags/example_python_decorator.py took 1.124 seconds
[2024-06-12T07:22:14.962+0000] {processor.py:161} INFO - Started process (PID=198) to work on /home/airflow/.local/lib/python3.12/site-packages/airflow/example_dags/example_python_decorator.py
[2024-06-12T07:22:14.964+0000] {processor.py:830} INFO - Processing file /home/airflow/.local/lib/python3.12/site-packages/airflow/example_dags/example_python_decorator.py for tasks to queue
[2024-06-12T07:22:14.970+0000] {logging_mixin.py:188} INFO - [2024-06-12T07:22:14.968+0000] {dagbag.py:545} INFO - Filling up the DagBag from /home/airflow/.local/lib/python3.12/site-packages/airflow/example_dags/example_python_decorator.py
[2024-06-12T07:22:15.034+0000] {processor.py:840} INFO - DAG(s) 'example_python_decorator' retrieved from /home/airflow/.local/lib/python3.12/site-packages/airflow/example_dags/example_python_decorator.py
[2024-06-12T07:22:15.214+0000] {logging_mixin.py:188} INFO - [2024-06-12T07:22:15.213+0000] {dag.py:3096} INFO - Sync 1 DAGs
[2024-06-12T07:22:15.287+0000] {logging_mixin.py:188} INFO - [2024-06-12T07:22:15.286+0000] {dag.py:3954} INFO - Setting next_dagrun for example_python_decorator to None, run_after=None
[2024-06-12T07:22:15.382+0000] {processor.py:183} INFO - Processing /home/airflow/.local/lib/python3.12/site-packages/airflow/example_dags/example_python_decorator.py took 0.440 seconds
