[2024-06-12T07:15:29.320+0000] {processor.py:161} INFO - Started process (PID=130) to work on /home/airflow/.local/lib/python3.12/site-packages/airflow/example_dags/example_branch_datetime_operator.py
[2024-06-12T07:15:29.326+0000] {processor.py:830} INFO - Processing file /home/airflow/.local/lib/python3.12/site-packages/airflow/example_dags/example_branch_datetime_operator.py for tasks to queue
[2024-06-12T07:15:29.347+0000] {logging_mixin.py:188} INFO - [2024-06-12T07:15:29.338+0000] {dagbag.py:545} INFO - Filling up the DagBag from /home/airflow/.local/lib/python3.12/site-packages/airflow/example_dags/example_branch_datetime_operator.py
[2024-06-12T07:15:29.694+0000] {processor.py:840} INFO - DAG(s) 'example_branch_datetime_operator', 'example_branch_datetime_operator_3', 'example_branch_datetime_operator_2' retrieved from /home/airflow/.local/lib/python3.12/site-packages/airflow/example_dags/example_branch_datetime_operator.py
[2024-06-12T07:15:33.942+0000] {logging_mixin.py:188} INFO - [2024-06-12T07:15:33.925+0000] {dag.py:3096} INFO - Sync 3 DAGs
[2024-06-12T07:15:34.687+0000] {logging_mixin.py:188} INFO - [2024-06-12T07:15:34.675+0000] {dag.py:3954} INFO - Setting next_dagrun for example_branch_datetime_operator to 2024-06-11 00:00:00+00:00, run_after=2024-06-12 00:00:00+00:00
[2024-06-12T07:15:34.836+0000] {logging_mixin.py:188} INFO - [2024-06-12T07:15:34.826+0000] {dag.py:3954} INFO - Setting next_dagrun for example_branch_datetime_operator_2 to 2024-06-11 00:00:00+00:00, run_after=2024-06-12 00:00:00+00:00
[2024-06-12T07:15:34.931+0000] {logging_mixin.py:188} INFO - [2024-06-12T07:15:34.930+0000] {dag.py:3954} INFO - Setting next_dagrun for example_branch_datetime_operator_3 to 2024-06-11 00:00:00+00:00, run_after=2024-06-12 00:00:00+00:00
[2024-06-12T07:15:35.465+0000] {processor.py:183} INFO - Processing /home/airflow/.local/lib/python3.12/site-packages/airflow/example_dags/example_branch_datetime_operator.py took 6.249 seconds
[2024-06-12T07:21:46.237+0000] {processor.py:161} INFO - Started process (PID=98) to work on /home/airflow/.local/lib/python3.12/site-packages/airflow/example_dags/example_branch_datetime_operator.py
[2024-06-12T07:21:46.239+0000] {processor.py:830} INFO - Processing file /home/airflow/.local/lib/python3.12/site-packages/airflow/example_dags/example_branch_datetime_operator.py for tasks to queue
[2024-06-12T07:21:46.244+0000] {logging_mixin.py:188} INFO - [2024-06-12T07:21:46.243+0000] {dagbag.py:545} INFO - Filling up the DagBag from /home/airflow/.local/lib/python3.12/site-packages/airflow/example_dags/example_branch_datetime_operator.py
[2024-06-12T07:21:46.320+0000] {processor.py:840} INFO - DAG(s) 'example_branch_datetime_operator', 'example_branch_datetime_operator_2', 'example_branch_datetime_operator_3' retrieved from /home/airflow/.local/lib/python3.12/site-packages/airflow/example_dags/example_branch_datetime_operator.py
[2024-06-12T07:21:47.216+0000] {logging_mixin.py:188} INFO - [2024-06-12T07:21:47.214+0000] {dag.py:3096} INFO - Sync 3 DAGs
[2024-06-12T07:21:47.377+0000] {logging_mixin.py:188} INFO - [2024-06-12T07:21:47.376+0000] {dag.py:3954} INFO - Setting next_dagrun for example_branch_datetime_operator to 2024-06-11 00:00:00+00:00, run_after=2024-06-12 00:00:00+00:00
[2024-06-12T07:21:47.410+0000] {logging_mixin.py:188} INFO - [2024-06-12T07:21:47.409+0000] {dag.py:3954} INFO - Setting next_dagrun for example_branch_datetime_operator_2 to 2024-06-11 00:00:00+00:00, run_after=2024-06-12 00:00:00+00:00
[2024-06-12T07:21:47.442+0000] {logging_mixin.py:188} INFO - [2024-06-12T07:21:47.439+0000] {dag.py:3954} INFO - Setting next_dagrun for example_branch_datetime_operator_3 to 2024-06-11 00:00:00+00:00, run_after=2024-06-12 00:00:00+00:00
[2024-06-12T07:21:47.595+0000] {processor.py:183} INFO - Processing /home/airflow/.local/lib/python3.12/site-packages/airflow/example_dags/example_branch_datetime_operator.py took 1.380 seconds
[2024-06-12T07:22:17.862+0000] {processor.py:161} INFO - Started process (PID=208) to work on /home/airflow/.local/lib/python3.12/site-packages/airflow/example_dags/example_branch_datetime_operator.py
[2024-06-12T07:22:17.864+0000] {processor.py:830} INFO - Processing file /home/airflow/.local/lib/python3.12/site-packages/airflow/example_dags/example_branch_datetime_operator.py for tasks to queue
[2024-06-12T07:22:17.869+0000] {logging_mixin.py:188} INFO - [2024-06-12T07:22:17.868+0000] {dagbag.py:545} INFO - Filling up the DagBag from /home/airflow/.local/lib/python3.12/site-packages/airflow/example_dags/example_branch_datetime_operator.py
[2024-06-12T07:22:17.930+0000] {processor.py:840} INFO - DAG(s) 'example_branch_datetime_operator_3', 'example_branch_datetime_operator', 'example_branch_datetime_operator_2' retrieved from /home/airflow/.local/lib/python3.12/site-packages/airflow/example_dags/example_branch_datetime_operator.py
[2024-06-12T07:22:18.121+0000] {logging_mixin.py:188} INFO - [2024-06-12T07:22:18.119+0000] {dag.py:3096} INFO - Sync 3 DAGs
[2024-06-12T07:22:18.274+0000] {logging_mixin.py:188} INFO - [2024-06-12T07:22:18.272+0000] {dag.py:3954} INFO - Setting next_dagrun for example_branch_datetime_operator to 2024-06-11 00:00:00+00:00, run_after=2024-06-12 00:00:00+00:00
[2024-06-12T07:22:18.306+0000] {logging_mixin.py:188} INFO - [2024-06-12T07:22:18.305+0000] {dag.py:3954} INFO - Setting next_dagrun for example_branch_datetime_operator_2 to 2024-06-11 00:00:00+00:00, run_after=2024-06-12 00:00:00+00:00
[2024-06-12T07:22:18.324+0000] {logging_mixin.py:188} INFO - [2024-06-12T07:22:18.322+0000] {dag.py:3954} INFO - Setting next_dagrun for example_branch_datetime_operator_3 to 2024-06-11 00:00:00+00:00, run_after=2024-06-12 00:00:00+00:00
[2024-06-12T07:22:18.402+0000] {processor.py:183} INFO - Processing /home/airflow/.local/lib/python3.12/site-packages/airflow/example_dags/example_branch_datetime_operator.py took 0.561 seconds
