[2024-06-12T07:15:22.779+0000] {processor.py:161} INFO - Started process (PID=126) to work on /home/airflow/.local/lib/python3.12/site-packages/airflow/example_dags/example_branch_python_dop_operator_3.py
[2024-06-12T07:15:22.793+0000] {processor.py:830} INFO - Processing file /home/airflow/.local/lib/python3.12/site-packages/airflow/example_dags/example_branch_python_dop_operator_3.py for tasks to queue
[2024-06-12T07:15:22.818+0000] {logging_mixin.py:188} INFO - [2024-06-12T07:15:22.809+0000] {dagbag.py:545} INFO - Filling up the DagBag from /home/airflow/.local/lib/python3.12/site-packages/airflow/example_dags/example_branch_python_dop_operator_3.py
[2024-06-12T07:15:23.131+0000] {processor.py:840} INFO - DAG(s) 'example_branch_dop_operator_v3' retrieved from /home/airflow/.local/lib/python3.12/site-packages/airflow/example_dags/example_branch_python_dop_operator_3.py
[2024-06-12T07:15:27.620+0000] {logging_mixin.py:188} INFO - [2024-06-12T07:15:27.615+0000] {dag.py:3096} INFO - Sync 1 DAGs
[2024-06-12T07:15:28.280+0000] {logging_mixin.py:188} INFO - [2024-06-12T07:15:28.272+0000] {dag.py:3954} INFO - Setting next_dagrun for example_branch_dop_operator_v3 to 2024-06-12 07:14:00+00:00, run_after=2024-06-12 07:15:00+00:00
[2024-06-12T07:15:28.750+0000] {processor.py:183} INFO - Processing /home/airflow/.local/lib/python3.12/site-packages/airflow/example_dags/example_branch_python_dop_operator_3.py took 6.083 seconds
[2024-06-12T07:21:44.918+0000] {processor.py:161} INFO - Started process (PID=94) to work on /home/airflow/.local/lib/python3.12/site-packages/airflow/example_dags/example_branch_python_dop_operator_3.py
[2024-06-12T07:21:44.920+0000] {processor.py:830} INFO - Processing file /home/airflow/.local/lib/python3.12/site-packages/airflow/example_dags/example_branch_python_dop_operator_3.py for tasks to queue
[2024-06-12T07:21:44.926+0000] {logging_mixin.py:188} INFO - [2024-06-12T07:21:44.925+0000] {dagbag.py:545} INFO - Filling up the DagBag from /home/airflow/.local/lib/python3.12/site-packages/airflow/example_dags/example_branch_python_dop_operator_3.py
[2024-06-12T07:21:44.981+0000] {processor.py:840} INFO - DAG(s) 'example_branch_dop_operator_v3' retrieved from /home/airflow/.local/lib/python3.12/site-packages/airflow/example_dags/example_branch_python_dop_operator_3.py
[2024-06-12T07:21:45.708+0000] {logging_mixin.py:188} INFO - [2024-06-12T07:21:45.706+0000] {dag.py:3096} INFO - Sync 1 DAGs
[2024-06-12T07:21:45.880+0000] {logging_mixin.py:188} INFO - [2024-06-12T07:21:45.879+0000] {dag.py:3954} INFO - Setting next_dagrun for example_branch_dop_operator_v3 to 2024-06-12 07:20:00+00:00, run_after=2024-06-12 07:21:00+00:00
[2024-06-12T07:21:45.989+0000] {processor.py:183} INFO - Processing /home/airflow/.local/lib/python3.12/site-packages/airflow/example_dags/example_branch_python_dop_operator_3.py took 1.096 seconds
[2024-06-12T07:22:17.356+0000] {processor.py:161} INFO - Started process (PID=204) to work on /home/airflow/.local/lib/python3.12/site-packages/airflow/example_dags/example_branch_python_dop_operator_3.py
[2024-06-12T07:22:17.359+0000] {processor.py:830} INFO - Processing file /home/airflow/.local/lib/python3.12/site-packages/airflow/example_dags/example_branch_python_dop_operator_3.py for tasks to queue
[2024-06-12T07:22:17.364+0000] {logging_mixin.py:188} INFO - [2024-06-12T07:22:17.363+0000] {dagbag.py:545} INFO - Filling up the DagBag from /home/airflow/.local/lib/python3.12/site-packages/airflow/example_dags/example_branch_python_dop_operator_3.py
[2024-06-12T07:22:17.404+0000] {processor.py:840} INFO - DAG(s) 'example_branch_dop_operator_v3' retrieved from /home/airflow/.local/lib/python3.12/site-packages/airflow/example_dags/example_branch_python_dop_operator_3.py
[2024-06-12T07:22:17.544+0000] {logging_mixin.py:188} INFO - [2024-06-12T07:22:17.543+0000] {dag.py:3096} INFO - Sync 1 DAGs
[2024-06-12T07:22:17.716+0000] {logging_mixin.py:188} INFO - [2024-06-12T07:22:17.715+0000] {dag.py:3954} INFO - Setting next_dagrun for example_branch_dop_operator_v3 to 2024-06-12 07:21:00+00:00, run_after=2024-06-12 07:22:00+00:00
[2024-06-12T07:22:17.807+0000] {processor.py:183} INFO - Processing /home/airflow/.local/lib/python3.12/site-packages/airflow/example_dags/example_branch_python_dop_operator_3.py took 0.473 seconds
