[2024-06-12T07:15:18.344+0000] {processor.py:161} INFO - Started process (PID=122) to work on /home/airflow/.local/lib/python3.12/site-packages/airflow/example_dags/example_task_group.py
[2024-06-12T07:15:18.352+0000] {processor.py:830} INFO - Processing file /home/airflow/.local/lib/python3.12/site-packages/airflow/example_dags/example_task_group.py for tasks to queue
[2024-06-12T07:15:18.376+0000] {logging_mixin.py:188} INFO - [2024-06-12T07:15:18.368+0000] {dagbag.py:545} INFO - Filling up the DagBag from /home/airflow/.local/lib/python3.12/site-packages/airflow/example_dags/example_task_group.py
[2024-06-12T07:15:18.531+0000] {processor.py:840} INFO - DAG(s) 'example_task_group' retrieved from /home/airflow/.local/lib/python3.12/site-packages/airflow/example_dags/example_task_group.py
[2024-06-12T07:15:21.593+0000] {logging_mixin.py:188} INFO - [2024-06-12T07:15:21.592+0000] {dag.py:3096} INFO - Sync 1 DAGs
[2024-06-12T07:15:22.115+0000] {logging_mixin.py:188} INFO - [2024-06-12T07:15:22.113+0000] {dag.py:3954} INFO - Setting next_dagrun for example_task_group to 2024-06-11 00:00:00+00:00, run_after=2024-06-12 00:00:00+00:00
[2024-06-12T07:15:22.491+0000] {processor.py:183} INFO - Processing /home/airflow/.local/lib/python3.12/site-packages/airflow/example_dags/example_task_group.py took 4.250 seconds
[2024-06-12T07:21:43.783+0000] {processor.py:161} INFO - Started process (PID=90) to work on /home/airflow/.local/lib/python3.12/site-packages/airflow/example_dags/example_task_group.py
[2024-06-12T07:21:43.785+0000] {processor.py:830} INFO - Processing file /home/airflow/.local/lib/python3.12/site-packages/airflow/example_dags/example_task_group.py for tasks to queue
[2024-06-12T07:21:43.791+0000] {logging_mixin.py:188} INFO - [2024-06-12T07:21:43.789+0000] {dagbag.py:545} INFO - Filling up the DagBag from /home/airflow/.local/lib/python3.12/site-packages/airflow/example_dags/example_task_group.py
[2024-06-12T07:21:43.840+0000] {processor.py:840} INFO - DAG(s) 'example_task_group' retrieved from /home/airflow/.local/lib/python3.12/site-packages/airflow/example_dags/example_task_group.py
[2024-06-12T07:21:44.620+0000] {logging_mixin.py:188} INFO - [2024-06-12T07:21:44.619+0000] {dag.py:3096} INFO - Sync 1 DAGs
[2024-06-12T07:21:44.754+0000] {logging_mixin.py:188} INFO - [2024-06-12T07:21:44.753+0000] {dag.py:3954} INFO - Setting next_dagrun for example_task_group to 2024-06-11 00:00:00+00:00, run_after=2024-06-12 00:00:00+00:00
[2024-06-12T07:21:44.856+0000] {processor.py:183} INFO - Processing /home/airflow/.local/lib/python3.12/site-packages/airflow/example_dags/example_task_group.py took 1.095 seconds
[2024-06-12T07:22:15.437+0000] {processor.py:161} INFO - Started process (PID=200) to work on /home/airflow/.local/lib/python3.12/site-packages/airflow/example_dags/example_task_group.py
[2024-06-12T07:22:15.440+0000] {processor.py:830} INFO - Processing file /home/airflow/.local/lib/python3.12/site-packages/airflow/example_dags/example_task_group.py for tasks to queue
[2024-06-12T07:22:15.445+0000] {logging_mixin.py:188} INFO - [2024-06-12T07:22:15.443+0000] {dagbag.py:545} INFO - Filling up the DagBag from /home/airflow/.local/lib/python3.12/site-packages/airflow/example_dags/example_task_group.py
[2024-06-12T07:22:15.479+0000] {processor.py:840} INFO - DAG(s) 'example_task_group' retrieved from /home/airflow/.local/lib/python3.12/site-packages/airflow/example_dags/example_task_group.py
[2024-06-12T07:22:15.640+0000] {logging_mixin.py:188} INFO - [2024-06-12T07:22:15.638+0000] {dag.py:3096} INFO - Sync 1 DAGs
[2024-06-12T07:22:15.778+0000] {logging_mixin.py:188} INFO - [2024-06-12T07:22:15.776+0000] {dag.py:3954} INFO - Setting next_dagrun for example_task_group to 2024-06-11 00:00:00+00:00, run_after=2024-06-12 00:00:00+00:00
[2024-06-12T07:22:15.871+0000] {processor.py:183} INFO - Processing /home/airflow/.local/lib/python3.12/site-packages/airflow/example_dags/example_task_group.py took 0.454 seconds
