[2024-06-12T07:15:18.589+0000] {processor.py:161} INFO - Started process (PID=124) to work on /home/airflow/.local/lib/python3.12/site-packages/airflow/example_dags/example_datasets.py
[2024-06-12T07:15:18.602+0000] {processor.py:830} INFO - Processing file /home/airflow/.local/lib/python3.12/site-packages/airflow/example_dags/example_datasets.py for tasks to queue
[2024-06-12T07:15:18.633+0000] {logging_mixin.py:188} INFO - [2024-06-12T07:15:18.620+0000] {dagbag.py:545} INFO - Filling up the DagBag from /home/airflow/.local/lib/python3.12/site-packages/airflow/example_dags/example_datasets.py
[2024-06-12T07:15:19.362+0000] {processor.py:840} INFO - DAG(s) 'dataset_consumes_1_and_2', 'consume_1_or_both_2_and_3_with_dataset_expressions', 'dataset_consumes_1', 'dataset_consumes_unknown_never_scheduled', 'dataset_produces_1', 'conditional_dataset_and_time_based_timetable', 'dataset_produces_2', 'consume_1_and_2_with_dataset_expressions', 'dataset_consumes_1_never_scheduled', 'consume_1_or_2_with_dataset_expressions' retrieved from /home/airflow/.local/lib/python3.12/site-packages/airflow/example_dags/example_datasets.py
[2024-06-12T07:15:26.888+0000] {logging_mixin.py:188} INFO - [2024-06-12T07:15:26.870+0000] {dag.py:3096} INFO - Sync 10 DAGs
[2024-06-12T07:15:27.747+0000] {logging_mixin.py:188} INFO - [2024-06-12T07:15:27.745+0000] {dag.py:3954} INFO - Setting next_dagrun for conditional_dataset_and_time_based_timetable to 2024-06-12 01:00:00+00:00, run_after=2024-06-12 01:00:00+00:00
[2024-06-12T07:15:27.806+0000] {logging_mixin.py:188} INFO - [2024-06-12T07:15:27.802+0000] {dag.py:3954} INFO - Setting next_dagrun for consume_1_and_2_with_dataset_expressions to None, run_after=None
[2024-06-12T07:15:27.829+0000] {logging_mixin.py:188} INFO - [2024-06-12T07:15:27.827+0000] {dag.py:3954} INFO - Setting next_dagrun for consume_1_or_2_with_dataset_expressions to None, run_after=None
[2024-06-12T07:15:27.852+0000] {logging_mixin.py:188} INFO - [2024-06-12T07:15:27.849+0000] {dag.py:3954} INFO - Setting next_dagrun for consume_1_or_both_2_and_3_with_dataset_expressions to None, run_after=None
[2024-06-12T07:15:27.876+0000] {logging_mixin.py:188} INFO - [2024-06-12T07:15:27.871+0000] {dag.py:3954} INFO - Setting next_dagrun for dataset_consumes_1 to None, run_after=None
[2024-06-12T07:15:27.920+0000] {logging_mixin.py:188} INFO - [2024-06-12T07:15:27.915+0000] {dag.py:3954} INFO - Setting next_dagrun for dataset_consumes_1_and_2 to None, run_after=None
[2024-06-12T07:15:27.954+0000] {logging_mixin.py:188} INFO - [2024-06-12T07:15:27.943+0000] {dag.py:3954} INFO - Setting next_dagrun for dataset_consumes_1_never_scheduled to None, run_after=None
[2024-06-12T07:15:27.979+0000] {logging_mixin.py:188} INFO - [2024-06-12T07:15:27.971+0000] {dag.py:3954} INFO - Setting next_dagrun for dataset_consumes_unknown_never_scheduled to None, run_after=None
[2024-06-12T07:15:28.044+0000] {logging_mixin.py:188} INFO - [2024-06-12T07:15:28.040+0000] {dag.py:3954} INFO - Setting next_dagrun for dataset_produces_1 to 2024-06-11 00:00:00+00:00, run_after=2024-06-12 00:00:00+00:00
[2024-06-12T07:15:28.070+0000] {logging_mixin.py:188} INFO - [2024-06-12T07:15:28.068+0000] {dag.py:3954} INFO - Setting next_dagrun for dataset_produces_2 to None, run_after=None
[2024-06-12T07:15:29.007+0000] {processor.py:183} INFO - Processing /home/airflow/.local/lib/python3.12/site-packages/airflow/example_dags/example_datasets.py took 10.544 seconds
[2024-06-12T07:21:44.202+0000] {processor.py:161} INFO - Started process (PID=92) to work on /home/airflow/.local/lib/python3.12/site-packages/airflow/example_dags/example_datasets.py
[2024-06-12T07:21:44.205+0000] {processor.py:830} INFO - Processing file /home/airflow/.local/lib/python3.12/site-packages/airflow/example_dags/example_datasets.py for tasks to queue
[2024-06-12T07:21:44.211+0000] {logging_mixin.py:188} INFO - [2024-06-12T07:21:44.210+0000] {dagbag.py:545} INFO - Filling up the DagBag from /home/airflow/.local/lib/python3.12/site-packages/airflow/example_dags/example_datasets.py
[2024-06-12T07:21:44.317+0000] {processor.py:840} INFO - DAG(s) 'consume_1_or_2_with_dataset_expressions', 'dataset_consumes_unknown_never_scheduled', 'dataset_consumes_1_and_2', 'dataset_produces_1', 'consume_1_and_2_with_dataset_expressions', 'dataset_consumes_1', 'conditional_dataset_and_time_based_timetable', 'dataset_produces_2', 'dataset_consumes_1_never_scheduled', 'consume_1_or_both_2_and_3_with_dataset_expressions' retrieved from /home/airflow/.local/lib/python3.12/site-packages/airflow/example_dags/example_datasets.py
[2024-06-12T07:21:45.668+0000] {logging_mixin.py:188} INFO - [2024-06-12T07:21:45.666+0000] {dag.py:3096} INFO - Sync 10 DAGs
[2024-06-12T07:21:45.835+0000] {logging_mixin.py:188} INFO - [2024-06-12T07:21:45.833+0000] {dag.py:3954} INFO - Setting next_dagrun for conditional_dataset_and_time_based_timetable to 2024-06-12 01:00:00+00:00, run_after=2024-06-12 01:00:00+00:00
[2024-06-12T07:21:45.854+0000] {logging_mixin.py:188} INFO - [2024-06-12T07:21:45.853+0000] {dag.py:3954} INFO - Setting next_dagrun for consume_1_and_2_with_dataset_expressions to None, run_after=None
[2024-06-12T07:21:45.861+0000] {logging_mixin.py:188} INFO - [2024-06-12T07:21:45.860+0000] {dag.py:3954} INFO - Setting next_dagrun for consume_1_or_2_with_dataset_expressions to None, run_after=None
[2024-06-12T07:21:45.869+0000] {logging_mixin.py:188} INFO - [2024-06-12T07:21:45.867+0000] {dag.py:3954} INFO - Setting next_dagrun for consume_1_or_both_2_and_3_with_dataset_expressions to None, run_after=None
[2024-06-12T07:21:45.875+0000] {logging_mixin.py:188} INFO - [2024-06-12T07:21:45.874+0000] {dag.py:3954} INFO - Setting next_dagrun for dataset_consumes_1 to None, run_after=None
[2024-06-12T07:21:45.883+0000] {logging_mixin.py:188} INFO - [2024-06-12T07:21:45.882+0000] {dag.py:3954} INFO - Setting next_dagrun for dataset_consumes_1_and_2 to None, run_after=None
[2024-06-12T07:21:45.893+0000] {logging_mixin.py:188} INFO - [2024-06-12T07:21:45.891+0000] {dag.py:3954} INFO - Setting next_dagrun for dataset_consumes_1_never_scheduled to None, run_after=None
[2024-06-12T07:21:45.902+0000] {logging_mixin.py:188} INFO - [2024-06-12T07:21:45.900+0000] {dag.py:3954} INFO - Setting next_dagrun for dataset_consumes_unknown_never_scheduled to None, run_after=None
[2024-06-12T07:21:45.921+0000] {logging_mixin.py:188} INFO - [2024-06-12T07:21:45.920+0000] {dag.py:3954} INFO - Setting next_dagrun for dataset_produces_1 to 2024-06-11 00:00:00+00:00, run_after=2024-06-12 00:00:00+00:00
[2024-06-12T07:21:45.930+0000] {logging_mixin.py:188} INFO - [2024-06-12T07:21:45.929+0000] {dag.py:3954} INFO - Setting next_dagrun for dataset_produces_2 to None, run_after=None
[2024-06-12T07:21:46.164+0000] {processor.py:183} INFO - Processing /home/airflow/.local/lib/python3.12/site-packages/airflow/example_dags/example_datasets.py took 1.990 seconds
[2024-06-12T07:22:16.465+0000] {processor.py:161} INFO - Started process (PID=202) to work on /home/airflow/.local/lib/python3.12/site-packages/airflow/example_dags/example_datasets.py
[2024-06-12T07:22:16.467+0000] {processor.py:830} INFO - Processing file /home/airflow/.local/lib/python3.12/site-packages/airflow/example_dags/example_datasets.py for tasks to queue
[2024-06-12T07:22:16.472+0000] {logging_mixin.py:188} INFO - [2024-06-12T07:22:16.471+0000] {dagbag.py:545} INFO - Filling up the DagBag from /home/airflow/.local/lib/python3.12/site-packages/airflow/example_dags/example_datasets.py
[2024-06-12T07:22:16.542+0000] {processor.py:840} INFO - DAG(s) 'dataset_consumes_unknown_never_scheduled', 'consume_1_or_both_2_and_3_with_dataset_expressions', 'dataset_consumes_1_and_2', 'dataset_consumes_1', 'dataset_consumes_1_never_scheduled', 'consume_1_and_2_with_dataset_expressions', 'dataset_produces_2', 'conditional_dataset_and_time_based_timetable', 'dataset_produces_1', 'consume_1_or_2_with_dataset_expressions' retrieved from /home/airflow/.local/lib/python3.12/site-packages/airflow/example_dags/example_datasets.py
[2024-06-12T07:22:16.873+0000] {logging_mixin.py:188} INFO - [2024-06-12T07:22:16.872+0000] {dag.py:3096} INFO - Sync 10 DAGs
[2024-06-12T07:22:17.044+0000] {logging_mixin.py:188} INFO - [2024-06-12T07:22:17.043+0000] {dag.py:3954} INFO - Setting next_dagrun for conditional_dataset_and_time_based_timetable to 2024-06-12 01:00:00+00:00, run_after=2024-06-12 01:00:00+00:00
[2024-06-12T07:22:17.066+0000] {logging_mixin.py:188} INFO - [2024-06-12T07:22:17.065+0000] {dag.py:3954} INFO - Setting next_dagrun for consume_1_and_2_with_dataset_expressions to None, run_after=None
[2024-06-12T07:22:17.073+0000] {logging_mixin.py:188} INFO - [2024-06-12T07:22:17.072+0000] {dag.py:3954} INFO - Setting next_dagrun for consume_1_or_2_with_dataset_expressions to None, run_after=None
[2024-06-12T07:22:17.080+0000] {logging_mixin.py:188} INFO - [2024-06-12T07:22:17.079+0000] {dag.py:3954} INFO - Setting next_dagrun for consume_1_or_both_2_and_3_with_dataset_expressions to None, run_after=None
[2024-06-12T07:22:17.086+0000] {logging_mixin.py:188} INFO - [2024-06-12T07:22:17.085+0000] {dag.py:3954} INFO - Setting next_dagrun for dataset_consumes_1 to None, run_after=None
[2024-06-12T07:22:17.093+0000] {logging_mixin.py:188} INFO - [2024-06-12T07:22:17.092+0000] {dag.py:3954} INFO - Setting next_dagrun for dataset_consumes_1_and_2 to None, run_after=None
[2024-06-12T07:22:17.100+0000] {logging_mixin.py:188} INFO - [2024-06-12T07:22:17.098+0000] {dag.py:3954} INFO - Setting next_dagrun for dataset_consumes_1_never_scheduled to None, run_after=None
[2024-06-12T07:22:17.106+0000] {logging_mixin.py:188} INFO - [2024-06-12T07:22:17.105+0000] {dag.py:3954} INFO - Setting next_dagrun for dataset_consumes_unknown_never_scheduled to None, run_after=None
[2024-06-12T07:22:17.124+0000] {logging_mixin.py:188} INFO - [2024-06-12T07:22:17.123+0000] {dag.py:3954} INFO - Setting next_dagrun for dataset_produces_1 to 2024-06-11 00:00:00+00:00, run_after=2024-06-12 00:00:00+00:00
[2024-06-12T07:22:17.131+0000] {logging_mixin.py:188} INFO - [2024-06-12T07:22:17.130+0000] {dag.py:3954} INFO - Setting next_dagrun for dataset_produces_2 to None, run_after=None
[2024-06-12T07:22:17.305+0000] {processor.py:183} INFO - Processing /home/airflow/.local/lib/python3.12/site-packages/airflow/example_dags/example_datasets.py took 0.861 seconds
