[2024-06-12T07:15:12.759+0000] {processor.py:161} INFO - Started process (PID=118) to work on /home/airflow/.local/lib/python3.12/site-packages/airflow/example_dags/example_xcom.py
[2024-06-12T07:15:12.775+0000] {processor.py:830} INFO - Processing file /home/airflow/.local/lib/python3.12/site-packages/airflow/example_dags/example_xcom.py for tasks to queue
[2024-06-12T07:15:12.813+0000] {logging_mixin.py:188} INFO - [2024-06-12T07:15:12.809+0000] {dagbag.py:545} INFO - Filling up the DagBag from /home/airflow/.local/lib/python3.12/site-packages/airflow/example_dags/example_xcom.py
[2024-06-12T07:15:13.180+0000] {processor.py:840} INFO - DAG(s) 'example_xcom' retrieved from /home/airflow/.local/lib/python3.12/site-packages/airflow/example_dags/example_xcom.py
[2024-06-12T07:15:16.926+0000] {logging_mixin.py:188} INFO - [2024-06-12T07:15:16.925+0000] {dag.py:3096} INFO - Sync 1 DAGs
[2024-06-12T07:15:17.657+0000] {logging_mixin.py:188} INFO - [2024-06-12T07:15:17.647+0000] {dag.py:3954} INFO - Setting next_dagrun for example_xcom to 2021-01-01 00:00:00+00:00, run_after=2021-01-01 00:00:00+00:00
[2024-06-12T07:15:18.074+0000] {processor.py:183} INFO - Processing /home/airflow/.local/lib/python3.12/site-packages/airflow/example_dags/example_xcom.py took 5.471 seconds
[2024-06-12T07:21:42.693+0000] {processor.py:161} INFO - Started process (PID=86) to work on /home/airflow/.local/lib/python3.12/site-packages/airflow/example_dags/example_xcom.py
[2024-06-12T07:21:42.696+0000] {processor.py:830} INFO - Processing file /home/airflow/.local/lib/python3.12/site-packages/airflow/example_dags/example_xcom.py for tasks to queue
[2024-06-12T07:21:42.701+0000] {logging_mixin.py:188} INFO - [2024-06-12T07:21:42.699+0000] {dagbag.py:545} INFO - Filling up the DagBag from /home/airflow/.local/lib/python3.12/site-packages/airflow/example_dags/example_xcom.py
[2024-06-12T07:21:42.748+0000] {processor.py:840} INFO - DAG(s) 'example_xcom' retrieved from /home/airflow/.local/lib/python3.12/site-packages/airflow/example_dags/example_xcom.py
[2024-06-12T07:21:43.474+0000] {logging_mixin.py:188} INFO - [2024-06-12T07:21:43.473+0000] {dag.py:3096} INFO - Sync 1 DAGs
[2024-06-12T07:21:43.613+0000] {logging_mixin.py:188} INFO - [2024-06-12T07:21:43.611+0000] {dag.py:3954} INFO - Setting next_dagrun for example_xcom to 2021-01-01 00:00:00+00:00, run_after=2021-01-01 00:00:00+00:00
[2024-06-12T07:21:43.724+0000] {processor.py:183} INFO - Processing /home/airflow/.local/lib/python3.12/site-packages/airflow/example_dags/example_xcom.py took 1.053 seconds
[2024-06-12T07:22:14.478+0000] {processor.py:161} INFO - Started process (PID=196) to work on /home/airflow/.local/lib/python3.12/site-packages/airflow/example_dags/example_xcom.py
[2024-06-12T07:22:14.481+0000] {processor.py:830} INFO - Processing file /home/airflow/.local/lib/python3.12/site-packages/airflow/example_dags/example_xcom.py for tasks to queue
[2024-06-12T07:22:14.486+0000] {logging_mixin.py:188} INFO - [2024-06-12T07:22:14.485+0000] {dagbag.py:545} INFO - Filling up the DagBag from /home/airflow/.local/lib/python3.12/site-packages/airflow/example_dags/example_xcom.py
[2024-06-12T07:22:14.521+0000] {processor.py:840} INFO - DAG(s) 'example_xcom' retrieved from /home/airflow/.local/lib/python3.12/site-packages/airflow/example_dags/example_xcom.py
[2024-06-12T07:22:14.686+0000] {logging_mixin.py:188} INFO - [2024-06-12T07:22:14.685+0000] {dag.py:3096} INFO - Sync 1 DAGs
[2024-06-12T07:22:14.821+0000] {logging_mixin.py:188} INFO - [2024-06-12T07:22:14.819+0000] {dag.py:3954} INFO - Setting next_dagrun for example_xcom to 2021-01-01 00:00:00+00:00, run_after=2021-01-01 00:00:00+00:00
[2024-06-12T07:22:14.909+0000] {processor.py:183} INFO - Processing /home/airflow/.local/lib/python3.12/site-packages/airflow/example_dags/example_xcom.py took 0.453 seconds
