[2024-06-12T07:15:34.876+0000] {processor.py:161} INFO - Started process (PID=138) to work on /home/airflow/.local/lib/python3.12/site-packages/airflow/example_dags/example_subdag_operator.py
[2024-06-12T07:15:34.883+0000] {processor.py:830} INFO - Processing file /home/airflow/.local/lib/python3.12/site-packages/airflow/example_dags/example_subdag_operator.py for tasks to queue
[2024-06-12T07:15:34.906+0000] {logging_mixin.py:188} INFO - [2024-06-12T07:15:34.903+0000] {dagbag.py:545} INFO - Filling up the DagBag from /home/airflow/.local/lib/python3.12/site-packages/airflow/example_dags/example_subdag_operator.py
[2024-06-12T07:15:35.568+0000] {processor.py:840} INFO - DAG(s) 'example_subdag_operator.section-1', 'example_subdag_operator.section-2', 'example_subdag_operator' retrieved from /home/airflow/.local/lib/python3.12/site-packages/airflow/example_dags/example_subdag_operator.py
[2024-06-12T07:15:38.749+0000] {logging_mixin.py:188} INFO - [2024-06-12T07:15:38.747+0000] {dag.py:3096} INFO - Sync 3 DAGs
[2024-06-12T07:15:39.517+0000] {logging_mixin.py:188} INFO - [2024-06-12T07:15:39.507+0000] {dag.py:3954} INFO - Setting next_dagrun for example_subdag_operator to 2022-01-01 00:00:00+00:00, run_after=2022-01-01 00:00:00+00:00
[2024-06-12T07:15:39.622+0000] {logging_mixin.py:188} INFO - [2024-06-12T07:15:39.615+0000] {dag.py:3954} INFO - Setting next_dagrun for example_subdag_operator.section-1 to None, run_after=None
[2024-06-12T07:15:39.662+0000] {logging_mixin.py:188} INFO - [2024-06-12T07:15:39.651+0000] {dag.py:3954} INFO - Setting next_dagrun for example_subdag_operator.section-2 to None, run_after=None
[2024-06-12T07:15:40.022+0000] {logging_mixin.py:188} INFO - [2024-06-12T07:15:40.010+0000] {dag.py:3096} INFO - Sync 2 DAGs
[2024-06-12T07:15:40.210+0000] {logging_mixin.py:188} INFO - [2024-06-12T07:15:40.201+0000] {dag.py:3954} INFO - Setting next_dagrun for example_subdag_operator.section-1 to None, run_after=None
[2024-06-12T07:15:40.224+0000] {logging_mixin.py:188} INFO - [2024-06-12T07:15:40.220+0000] {dag.py:3954} INFO - Setting next_dagrun for example_subdag_operator.section-2 to None, run_after=None
[2024-06-12T07:15:40.471+0000] {processor.py:183} INFO - Processing /home/airflow/.local/lib/python3.12/site-packages/airflow/example_dags/example_subdag_operator.py took 5.673 seconds
[2024-06-12T07:21:47.364+0000] {processor.py:161} INFO - Started process (PID=100) to work on /home/airflow/.local/lib/python3.12/site-packages/airflow/example_dags/example_subdag_operator.py
[2024-06-12T07:21:47.367+0000] {processor.py:830} INFO - Processing file /home/airflow/.local/lib/python3.12/site-packages/airflow/example_dags/example_subdag_operator.py for tasks to queue
[2024-06-12T07:21:47.372+0000] {logging_mixin.py:188} INFO - [2024-06-12T07:21:47.370+0000] {dagbag.py:545} INFO - Filling up the DagBag from /home/airflow/.local/lib/python3.12/site-packages/airflow/example_dags/example_subdag_operator.py
[2024-06-12T07:21:47.572+0000] {processor.py:840} INFO - DAG(s) 'example_subdag_operator.section-1', 'example_subdag_operator.section-2', 'example_subdag_operator' retrieved from /home/airflow/.local/lib/python3.12/site-packages/airflow/example_dags/example_subdag_operator.py
[2024-06-12T07:21:48.247+0000] {logging_mixin.py:188} INFO - [2024-06-12T07:21:48.246+0000] {dag.py:3096} INFO - Sync 3 DAGs
[2024-06-12T07:21:48.387+0000] {logging_mixin.py:188} INFO - [2024-06-12T07:21:48.385+0000] {dag.py:3954} INFO - Setting next_dagrun for example_subdag_operator to 2022-01-01 00:00:00+00:00, run_after=2022-01-01 00:00:00+00:00
[2024-06-12T07:21:48.403+0000] {logging_mixin.py:188} INFO - [2024-06-12T07:21:48.402+0000] {dag.py:3954} INFO - Setting next_dagrun for example_subdag_operator.section-1 to None, run_after=None
[2024-06-12T07:21:48.409+0000] {logging_mixin.py:188} INFO - [2024-06-12T07:21:48.408+0000] {dag.py:3954} INFO - Setting next_dagrun for example_subdag_operator.section-2 to None, run_after=None
[2024-06-12T07:21:48.464+0000] {logging_mixin.py:188} INFO - [2024-06-12T07:21:48.463+0000] {dag.py:3096} INFO - Sync 2 DAGs
[2024-06-12T07:21:48.499+0000] {logging_mixin.py:188} INFO - [2024-06-12T07:21:48.498+0000] {dag.py:3954} INFO - Setting next_dagrun for example_subdag_operator.section-1 to None, run_after=None
[2024-06-12T07:21:48.502+0000] {logging_mixin.py:188} INFO - [2024-06-12T07:21:48.501+0000] {dag.py:3954} INFO - Setting next_dagrun for example_subdag_operator.section-2 to None, run_after=None
[2024-06-12T07:21:48.551+0000] {processor.py:183} INFO - Processing /home/airflow/.local/lib/python3.12/site-packages/airflow/example_dags/example_subdag_operator.py took 1.207 seconds
[2024-06-12T07:22:19.393+0000] {processor.py:161} INFO - Started process (PID=210) to work on /home/airflow/.local/lib/python3.12/site-packages/airflow/example_dags/example_subdag_operator.py
[2024-06-12T07:22:19.396+0000] {processor.py:830} INFO - Processing file /home/airflow/.local/lib/python3.12/site-packages/airflow/example_dags/example_subdag_operator.py for tasks to queue
[2024-06-12T07:22:19.401+0000] {logging_mixin.py:188} INFO - [2024-06-12T07:22:19.400+0000] {dagbag.py:545} INFO - Filling up the DagBag from /home/airflow/.local/lib/python3.12/site-packages/airflow/example_dags/example_subdag_operator.py
[2024-06-12T07:22:19.558+0000] {processor.py:840} INFO - DAG(s) 'example_subdag_operator.section-1', 'example_subdag_operator.section-2', 'example_subdag_operator' retrieved from /home/airflow/.local/lib/python3.12/site-packages/airflow/example_dags/example_subdag_operator.py
[2024-06-12T07:22:19.664+0000] {logging_mixin.py:188} INFO - [2024-06-12T07:22:19.662+0000] {dag.py:3096} INFO - Sync 3 DAGs
[2024-06-12T07:22:19.812+0000] {logging_mixin.py:188} INFO - [2024-06-12T07:22:19.810+0000] {dag.py:3954} INFO - Setting next_dagrun for example_subdag_operator to 2022-01-01 00:00:00+00:00, run_after=2022-01-01 00:00:00+00:00
[2024-06-12T07:22:19.835+0000] {logging_mixin.py:188} INFO - [2024-06-12T07:22:19.834+0000] {dag.py:3954} INFO - Setting next_dagrun for example_subdag_operator.section-1 to None, run_after=None
[2024-06-12T07:22:19.845+0000] {logging_mixin.py:188} INFO - [2024-06-12T07:22:19.844+0000] {dag.py:3954} INFO - Setting next_dagrun for example_subdag_operator.section-2 to None, run_after=None
[2024-06-12T07:22:19.895+0000] {logging_mixin.py:188} INFO - [2024-06-12T07:22:19.894+0000] {dag.py:3096} INFO - Sync 2 DAGs
[2024-06-12T07:22:19.928+0000] {logging_mixin.py:188} INFO - [2024-06-12T07:22:19.927+0000] {dag.py:3954} INFO - Setting next_dagrun for example_subdag_operator.section-1 to None, run_after=None
[2024-06-12T07:22:19.931+0000] {logging_mixin.py:188} INFO - [2024-06-12T07:22:19.930+0000] {dag.py:3954} INFO - Setting next_dagrun for example_subdag_operator.section-2 to None, run_after=None
[2024-06-12T07:22:20.012+0000] {processor.py:183} INFO - Processing /home/airflow/.local/lib/python3.12/site-packages/airflow/example_dags/example_subdag_operator.py took 0.639 seconds
