[2024-06-12T07:15:01.232+0000] {processor.py:161} INFO - Started process (PID=116) to work on /home/airflow/.local/lib/python3.12/site-packages/airflow/example_dags/tutorial.py
[2024-06-12T07:15:01.240+0000] {processor.py:830} INFO - Processing file /home/airflow/.local/lib/python3.12/site-packages/airflow/example_dags/tutorial.py for tasks to queue
[2024-06-12T07:15:01.281+0000] {logging_mixin.py:188} INFO - [2024-06-12T07:15:01.269+0000] {dagbag.py:545} INFO - Filling up the DagBag from /home/airflow/.local/lib/python3.12/site-packages/airflow/example_dags/tutorial.py
[2024-06-12T07:15:02.133+0000] {processor.py:840} INFO - DAG(s) 'tutorial' retrieved from /home/airflow/.local/lib/python3.12/site-packages/airflow/example_dags/tutorial.py
[2024-06-12T07:15:10.679+0000] {logging_mixin.py:188} INFO - [2024-06-12T07:15:10.672+0000] {dag.py:3096} INFO - Sync 1 DAGs
[2024-06-12T07:15:11.168+0000] {logging_mixin.py:188} INFO - [2024-06-12T07:15:11.159+0000] {dag.py:3954} INFO - Setting next_dagrun for tutorial to 2024-06-11 00:00:00+00:00, run_after=2024-06-12 00:00:00+00:00
[2024-06-12T07:15:11.687+0000] {processor.py:183} INFO - Processing /home/airflow/.local/lib/python3.12/site-packages/airflow/example_dags/tutorial.py took 10.624 seconds
[2024-06-12T07:21:39.523+0000] {processor.py:161} INFO - Started process (PID=84) to work on /home/airflow/.local/lib/python3.12/site-packages/airflow/example_dags/tutorial.py
[2024-06-12T07:21:39.531+0000] {processor.py:830} INFO - Processing file /home/airflow/.local/lib/python3.12/site-packages/airflow/example_dags/tutorial.py for tasks to queue
[2024-06-12T07:21:39.539+0000] {logging_mixin.py:188} INFO - [2024-06-12T07:21:39.538+0000] {dagbag.py:545} INFO - Filling up the DagBag from /home/airflow/.local/lib/python3.12/site-packages/airflow/example_dags/tutorial.py
[2024-06-12T07:21:39.741+0000] {processor.py:840} INFO - DAG(s) 'tutorial' retrieved from /home/airflow/.local/lib/python3.12/site-packages/airflow/example_dags/tutorial.py
[2024-06-12T07:21:42.118+0000] {logging_mixin.py:188} INFO - [2024-06-12T07:21:42.116+0000] {dag.py:3096} INFO - Sync 1 DAGs
[2024-06-12T07:21:42.328+0000] {logging_mixin.py:188} INFO - [2024-06-12T07:21:42.326+0000] {dag.py:3954} INFO - Setting next_dagrun for tutorial to 2024-06-11 00:00:00+00:00, run_after=2024-06-12 00:00:00+00:00
[2024-06-12T07:21:42.551+0000] {processor.py:183} INFO - Processing /home/airflow/.local/lib/python3.12/site-packages/airflow/example_dags/tutorial.py took 3.068 seconds
[2024-06-12T07:22:13.008+0000] {processor.py:161} INFO - Started process (PID=194) to work on /home/airflow/.local/lib/python3.12/site-packages/airflow/example_dags/tutorial.py
[2024-06-12T07:22:13.010+0000] {processor.py:830} INFO - Processing file /home/airflow/.local/lib/python3.12/site-packages/airflow/example_dags/tutorial.py for tasks to queue
[2024-06-12T07:22:13.016+0000] {logging_mixin.py:188} INFO - [2024-06-12T07:22:13.014+0000] {dagbag.py:545} INFO - Filling up the DagBag from /home/airflow/.local/lib/python3.12/site-packages/airflow/example_dags/tutorial.py
[2024-06-12T07:22:13.041+0000] {processor.py:840} INFO - DAG(s) 'tutorial' retrieved from /home/airflow/.local/lib/python3.12/site-packages/airflow/example_dags/tutorial.py
[2024-06-12T07:22:13.187+0000] {logging_mixin.py:188} INFO - [2024-06-12T07:22:13.186+0000] {dag.py:3096} INFO - Sync 1 DAGs
[2024-06-12T07:22:13.329+0000] {logging_mixin.py:188} INFO - [2024-06-12T07:22:13.327+0000] {dag.py:3954} INFO - Setting next_dagrun for tutorial to 2024-06-11 00:00:00+00:00, run_after=2024-06-12 00:00:00+00:00
[2024-06-12T07:22:13.465+0000] {processor.py:183} INFO - Processing /home/airflow/.local/lib/python3.12/site-packages/airflow/example_dags/tutorial.py took 0.479 seconds
